# JRE version: OpenJDK Runtime Environment (11.0.10) (build 11.0.10+0-b96-7249189)
# Java VM: OpenJDK 64-Bit Server VM (11.0.10+0-b96-7249189, mixed mode, tiered, compressed oops, g1 gc, linux-amd64)
Heap:
 garbage-first heap   total 307200K, used 141867K [0x0000000080000000, 0x0000000100000000)
  region size 1024K, 11 young (11264K), 9 survivors (9216K)
 Metaspace       used 139449K, capacity 145377K, committed 145620K, reserved 1175552K
  class space    used 17395K, capacity 19546K, committed 19584K, reserved 1048576K
GC Heap History (20 events):
Event: 6052,131 GC heap before
{Heap before GC invocations=49 (full 0):
 garbage-first heap   total 307200K, used 278819K [0x0000000080000000, 0x0000000100000000)
  region size 1024K, 154 young (157696K), 9 survivors (9216K)
 Metaspace       used 122953K, capacity 128741K, committed 128980K, reserved 1161216K
  class space    used 15625K, capacity 17700K, committed 17792K, reserved 1048576K
}
Event: 6052,146 GC heap after
{Heap after GC invocations=50 (full 0):
 garbage-first heap   total 307200K, used 105199K [0x0000000080000000, 0x0000000100000000)
  region size 1024K, 3 young (3072K), 3 survivors (3072K)
 Metaspace       used 122953K, capacity 128741K, committed 128980K, reserved 1161216K
  class space    used 15625K, capacity 17700K, committed 17792K, reserved 1048576K
}
Event: 6103,909 GC heap before
{Heap before GC invocations=50 (full 0):
 garbage-first heap   total 307200K, used 271087K [0x0000000080000000, 0x0000000100000000)
  region size 1024K, 156 young (159744K), 3 survivors (3072K)
 Metaspace       used 123135K, capacity 128942K, committed 129236K, reserved 1161216K
  class space    used 15626K, capacity 17700K, committed 17792K, reserved 1048576K
}
Event: 6103,923 GC heap after
{Heap after GC invocations=51 (full 0):
 garbage-first heap   total 307200K, used 109913K [0x0000000080000000, 0x0000000100000000)
  region size 1024K, 8 young (8192K), 8 survivors (8192K)
 Metaspace       used 123135K, capacity 128942K, committed 129236K, reserved 1161216K
  class space    used 15626K, capacity 17700K, committed 17792K, reserved 1048576K
}
Event: 6122,750 GC heap before
{Heap before GC invocations=51 (full 0):
 garbage-first heap   total 307200K, used 278873K [0x0000000080000000, 0x0000000100000000)
  region size 1024K, 154 young (157696K), 8 survivors (8192K)
 Metaspace       used 123254K, capacity 129022K, committed 129236K, reserved 1161216K
  class space    used 15626K, capacity 17700K, committed 17792K, reserved 1048576K
}
Event: 6122,768 GC heap after
{Heap after GC invocations=52 (full 0):
 garbage-first heap   total 307200K, used 109633K [0x0000000080000000, 0x0000000100000000)
  region size 1024K, 8 young (8192K), 8 survivors (8192K)
 Metaspace       used 123254K, capacity 129022K, committed 129236K, reserved 1161216K
  class space    used 15626K, capacity 17700K, committed 17792K, reserved 1048576K
}
Event: 7083,440 GC heap before
{Heap before GC invocations=52 (full 0):
 garbage-first heap   total 307200K, used 277568K [0x0000000080000000, 0x0000000100000000)
  region size 1024K, 153 young (156672K), 8 survivors (8192K)
 Metaspace       used 123386K, capacity 129163K, committed 129492K, reserved 1161216K
  class space    used 15626K, capacity 17700K, committed 17792K, reserved 1048576K
}
Event: 7083,450 GC heap after
{Heap after GC invocations=53 (full 0):
 garbage-first heap   total 307200K, used 104693K [0x0000000080000000, 0x0000000100000000)
  region size 1024K, 3 young (3072K), 3 survivors (3072K)
 Metaspace       used 123386K, capacity 129163K, committed 129492K, reserved 1161216K
  class space    used 15626K, capacity 17700K, committed 17792K, reserved 1048576K
}
Event: 8150,338 GC heap before
{Heap before GC invocations=53 (full 0):
 garbage-first heap   total 307200K, used 262389K [0x0000000080000000, 0x0000000100000000)
  region size 1024K, 156 young (159744K), 3 survivors (3072K)
 Metaspace       used 125723K, capacity 131353K, committed 131796K, reserved 1163264K
  class space    used 15916K, capacity 17941K, committed 18048K, reserved 1048576K
}
Event: 8150,370 GC heap after
{Heap after GC invocations=54 (full 0):
 garbage-first heap   total 307200K, used 120165K [0x0000000080000000, 0x0000000100000000)
  region size 1024K, 18 young (18432K), 18 survivors (18432K)
 Metaspace       used 125723K, capacity 131353K, committed 131796K, reserved 1163264K
  class space    used 15916K, capacity 17941K, committed 18048K, reserved 1048576K
}
Event: 8155,030 GC heap before
{Heap before GC invocations=54 (full 0):
 garbage-first heap   total 307200K, used 263525K [0x0000000080000000, 0x0000000100000000)
  region size 1024K, 144 young (147456K), 18 survivors (18432K)
 Metaspace       used 131963K, capacity 137759K, committed 138196K, reserved 1169408K
  class space    used 16588K, capacity 18702K, committed 18816K, reserved 1048576K
}
Event: 8155,039 GC heap after
{Heap after GC invocations=55 (full 0):
 garbage-first heap   total 307200K, used 114579K [0x0000000080000000, 0x0000000100000000)
  region size 1024K, 7 young (7168K), 7 survivors (7168K)
 Metaspace       used 131963K, capacity 137759K, committed 138196K, reserved 1169408K
  class space    used 16588K, capacity 18702K, committed 18816K, reserved 1048576K
}
Event: 8156,499 GC heap before
{Heap before GC invocations=55 (full 0):
 garbage-first heap   total 307200K, used 254867K [0x0000000080000000, 0x0000000100000000)
  region size 1024K, 139 young (142336K), 7 survivors (7168K)
 Metaspace       used 139066K, capacity 144972K, committed 145108K, reserved 1175552K
  class space    used 17380K, capacity 19539K, committed 19584K, reserved 1048576K
}
Event: 8156,521 GC heap after
{Heap after GC invocations=56 (full 0):
 garbage-first heap   total 307200K, used 132063K [0x0000000080000000, 0x0000000100000000)
  region size 1024K, 18 young (18432K), 18 survivors (18432K)
 Metaspace       used 139066K, capacity 144972K, committed 145108K, reserved 1175552K
  class space    used 17380K, capacity 19539K, committed 19584K, reserved 1048576K
}
Event: 8360,915 GC heap before
{Heap before GC invocations=56 (full 0):
 garbage-first heap   total 307200K, used 261087K [0x0000000080000000, 0x0000000100000000)
  region size 1024K, 128 young (131072K), 18 survivors (18432K)
 Metaspace       used 139347K, capacity 145289K, committed 145364K, reserved 1175552K
  class space    used 17394K, capacity 19545K, committed 19584K, reserved 1048576K
}
Event: 8360,933 GC heap after
{Heap after GC invocations=57 (full 0):
 garbage-first heap   total 307200K, used 125308K [0x0000000080000000, 0x0000000100000000)
  region size 1024K, 4 young (4096K), 4 survivors (4096K)
 Metaspace       used 139347K, capacity 145289K, committed 145364K, reserved 1175552K
  class space    used 17394K, capacity 19545K, committed 19584K, reserved 1048576K
}
Event: 8379,686 GC heap before
{Heap before GC invocations=57 (full 0):
 garbage-first heap   total 307200K, used 244092K [0x0000000080000000, 0x0000000100000000)
  region size 1024K, 121 young (123904K), 4 survivors (4096K)
 Metaspace       used 139395K, capacity 145373K, committed 145620K, reserved 1175552K
  class space    used 17395K, capacity 19546K, committed 19584K, reserved 1048576K
}
Event: 8379,725 GC heap after
{Heap after GC invocations=58 (full 0):
 garbage-first heap   total 307200K, used 129532K [0x0000000080000000, 0x0000000100000000)
  region size 1024K, 8 young (8192K), 8 survivors (8192K)
 Metaspace       used 139395K, capacity 145373K, committed 145620K, reserved 1175552K
  class space    used 17395K, capacity 19546K, committed 19584K, reserved 1048576K
}
Event: 8422,326 GC heap before
{Heap before GC invocations=58 (full 0):
 garbage-first heap   total 307200K, used 264700K [0x0000000080000000, 0x0000000100000000)
  region size 1024K, 124 young (126976K), 8 survivors (8192K)
 Metaspace       used 139447K, capacity 145377K, committed 145620K, reserved 1175552K
  class space    used 17395K, capacity 19546K, committed 19584K, reserved 1048576K
}
Event: 8422,341 GC heap after
{Heap after GC invocations=59 (full 0):
 garbage-first heap   total 307200K, used 138795K [0x0000000080000000, 0x0000000100000000)
  region size 1024K, 9 young (9216K), 9 survivors (9216K)
 Metaspace       used 139447K, capacity 145377K, committed 145620K, reserved 1175552K
  class space    used 17395K, capacity 19546K, committed 19584K, reserved 1048576K
}

